Jun 26 2026 05:23:11
{"type":8192,"message":"Return type of Ai1wm_Recursive_Newline_Filter::accept() should either be compatible with FilterIterator::accept(): bool, or the #[\\ReturnTypeWillChange] attribute should be used to temporarily suppress the notice","file":"C:\\Users\\HP\\Local Sites\\world-law-alliance-full-website\\app\\public\\wp-content\\plugins\\all-in-one-wp-migration-unlimited-main\\lib\\vendor\\servmask\\filter\\class-ai1wm-recursive-newline-filter.php","line":28}

Jun 26 2026 05:23:11
{"type":8192,"message":"Return type of Ai1wm_Recursive_Newline_Filter::accept() should either be compatible with FilterIterator::accept(): bool, or the #[\\ReturnTypeWillChange] attribute should be used to temporarily suppress the notice","file":"C:\\Users\\HP\\Local Sites\\world-law-alliance-full-website\\app\\public\\wp-content\\plugins\\all-in-one-wp-migration-unlimited-main\\lib\\vendor\\servmask\\filter\\class-ai1wm-recursive-newline-filter.php","line":28}

Jun 26 2026 05:23:12
{"type":8192,"message":"Return type of Ai1wm_Recursive_Newline_Filter::accept() should either be compatible with FilterIterator::accept(): bool, or the #[\\ReturnTypeWillChange] attribute should be used to temporarily suppress the notice","file":"C:\\Users\\HP\\Local Sites\\world-law-alliance-full-website\\app\\public\\wp-content\\plugins\\all-in-one-wp-migration-unlimited-main\\lib\\vendor\\servmask\\filter\\class-ai1wm-recursive-newline-filter.php","line":28}

Jun 26 2026 05:23:12
{"type":8192,"message":"Return type of Ai1wm_Recursive_Newline_Filter::accept() should either be compatible with FilterIterator::accept(): bool, or the #[\\ReturnTypeWillChange] attribute should be used to temporarily suppress the notice","file":"C:\\Users\\HP\\Local Sites\\world-law-alliance-full-website\\app\\public\\wp-content\\plugins\\all-in-one-wp-migration-unlimited-main\\lib\\vendor\\servmask\\filter\\class-ai1wm-recursive-newline-filter.php","line":28}

Jun 26 2026 05:23:13
{"type":8192,"message":"Return type of Ai1wm_Recursive_Newline_Filter::accept() should either be compatible with FilterIterator::accept(): bool, or the #[\\ReturnTypeWillChange] attribute should be used to temporarily suppress the notice","file":"C:\\Users\\HP\\Local Sites\\world-law-alliance-full-website\\app\\public\\wp-content\\plugins\\all-in-one-wp-migration-unlimited-main\\lib\\vendor\\servmask\\filter\\class-ai1wm-recursive-newline-filter.php","line":28}

Jun 26 2026 05:23:13
{"type":8192,"message":"Return type of Ai1wm_Recursive_Newline_Filter::accept() should either be compatible with FilterIterator::accept(): bool, or the #[\\ReturnTypeWillChange] attribute should be used to temporarily suppress the notice","file":"C:\\Users\\HP\\Local Sites\\world-law-alliance-full-website\\app\\public\\wp-content\\plugins\\all-in-one-wp-migration-unlimited-main\\lib\\vendor\\servmask\\filter\\class-ai1wm-recursive-newline-filter.php","line":28}

Jun 26 2026 05:23:13
{"type":8192,"message":"Return type of Ai1wm_Recursive_Newline_Filter::accept() should either be compatible with FilterIterator::accept(): bool, or the #[\\ReturnTypeWillChange] attribute should be used to temporarily suppress the notice","file":"C:\\Users\\HP\\Local Sites\\world-law-alliance-full-website\\app\\public\\wp-content\\plugins\\all-in-one-wp-migration-unlimited-main\\lib\\vendor\\servmask\\filter\\class-ai1wm-recursive-newline-filter.php","line":28}

Jun 26 2026 05:23:14
{"type":8192,"message":"Return type of Ai1wm_Recursive_Newline_Filter::accept() should either be compatible with FilterIterator::accept(): bool, or the #[\\ReturnTypeWillChange] attribute should be used to temporarily suppress the notice","file":"C:\\Users\\HP\\Local Sites\\world-law-alliance-full-website\\app\\public\\wp-content\\plugins\\all-in-one-wp-migration-unlimited-main\\lib\\vendor\\servmask\\filter\\class-ai1wm-recursive-newline-filter.php","line":28}

Jun 26 2026 05:23:15
{"type":8192,"message":"Return type of Ai1wm_Recursive_Newline_Filter::accept() should either be compatible with FilterIterator::accept(): bool, or the #[\\ReturnTypeWillChange] attribute should be used to temporarily suppress the notice","file":"C:\\Users\\HP\\Local Sites\\world-law-alliance-full-website\\app\\public\\wp-content\\plugins\\all-in-one-wp-migration-unlimited-main\\lib\\vendor\\servmask\\filter\\class-ai1wm-recursive-newline-filter.php","line":28}

Jun 26 2026 05:23:15
{"type":8192,"message":"Return type of Ai1wm_Recursive_Newline_Filter::accept() should either be compatible with FilterIterator::accept(): bool, or the #[\\ReturnTypeWillChange] attribute should be used to temporarily suppress the notice","file":"C:\\Users\\HP\\Local Sites\\world-law-alliance-full-website\\app\\public\\wp-content\\plugins\\all-in-one-wp-migration-unlimited-main\\lib\\vendor\\servmask\\filter\\class-ai1wm-recursive-newline-filter.php","line":28}

Jun 26 2026 05:23:16
{"type":8192,"message":"Return type of Ai1wm_Recursive_Newline_Filter::accept() should either be compatible with FilterIterator::accept(): bool, or the #[\\ReturnTypeWillChange] attribute should be used to temporarily suppress the notice","file":"C:\\Users\\HP\\Local Sites\\world-law-alliance-full-website\\app\\public\\wp-content\\plugins\\all-in-one-wp-migration-unlimited-main\\lib\\vendor\\servmask\\filter\\class-ai1wm-recursive-newline-filter.php","line":28}

Jun 26 2026 05:23:16
{"type":8192,"message":"Return type of Ai1wm_Recursive_Newline_Filter::accept() should either be compatible with FilterIterator::accept(): bool, or the #[\\ReturnTypeWillChange] attribute should be used to temporarily suppress the notice","file":"C:\\Users\\HP\\Local Sites\\world-law-alliance-full-website\\app\\public\\wp-content\\plugins\\all-in-one-wp-migration-unlimited-main\\lib\\vendor\\servmask\\filter\\class-ai1wm-recursive-newline-filter.php","line":28}

Jun 26 2026 05:23:16
{"type":8192,"message":"Return type of Ai1wm_Recursive_Newline_Filter::accept() should either be compatible with FilterIterator::accept(): bool, or the #[\\ReturnTypeWillChange] attribute should be used to temporarily suppress the notice","file":"C:\\Users\\HP\\Local Sites\\world-law-alliance-full-website\\app\\public\\wp-content\\plugins\\all-in-one-wp-migration-unlimited-main\\lib\\vendor\\servmask\\filter\\class-ai1wm-recursive-newline-filter.php","line":28}

Jun 26 2026 05:23:16
{"type":8192,"message":"Return type of Ai1wm_Recursive_Newline_Filter::accept() should either be compatible with FilterIterator::accept(): bool, or the #[\\ReturnTypeWillChange] attribute should be used to temporarily suppress the notice","file":"C:\\Users\\HP\\Local Sites\\world-law-alliance-full-website\\app\\public\\wp-content\\plugins\\all-in-one-wp-migration-unlimited-main\\lib\\vendor\\servmask\\filter\\class-ai1wm-recursive-newline-filter.php","line":28}

Jun 26 2026 05:23:17
{"type":8192,"message":"Return type of Ai1wm_Recursive_Newline_Filter::accept() should either be compatible with FilterIterator::accept(): bool, or the #[\\ReturnTypeWillChange] attribute should be used to temporarily suppress the notice","file":"C:\\Users\\HP\\Local Sites\\world-law-alliance-full-website\\app\\public\\wp-content\\plugins\\all-in-one-wp-migration-unlimited-main\\lib\\vendor\\servmask\\filter\\class-ai1wm-recursive-newline-filter.php","line":28}

Jun 26 2026 05:23:26
{"type":8192,"message":"Return type of Ai1wm_Recursive_Newline_Filter::accept() should either be compatible with FilterIterator::accept(): bool, or the #[\\ReturnTypeWillChange] attribute should be used to temporarily suppress the notice","file":"C:\\Users\\HP\\Local Sites\\world-law-alliance-full-website\\app\\public\\wp-content\\plugins\\all-in-one-wp-migration-unlimited-main\\lib\\vendor\\servmask\\filter\\class-ai1wm-recursive-newline-filter.php","line":28}

Jun 26 2026 05:23:27
{"type":8192,"message":"Return type of Ai1wm_Recursive_Newline_Filter::accept() should either be compatible with FilterIterator::accept(): bool, or the #[\\ReturnTypeWillChange] attribute should be used to temporarily suppress the notice","file":"C:\\Users\\HP\\Local Sites\\world-law-alliance-full-website\\app\\public\\wp-content\\plugins\\all-in-one-wp-migration-unlimited-main\\lib\\vendor\\servmask\\filter\\class-ai1wm-recursive-newline-filter.php","line":28}

Jun 26 2026 05:23:30
{"type":8192,"message":"Return type of Ai1wm_Recursive_Newline_Filter::accept() should either be compatible with FilterIterator::accept(): bool, or the #[\\ReturnTypeWillChange] attribute should be used to temporarily suppress the notice","file":"C:\\Users\\HP\\Local Sites\\world-law-alliance-full-website\\app\\public\\wp-content\\plugins\\all-in-one-wp-migration-unlimited-main\\lib\\vendor\\servmask\\filter\\class-ai1wm-recursive-newline-filter.php","line":28}

Jun 26 2026 05:23:31
{"type":8192,"message":"Return type of Ai1wm_Recursive_Newline_Filter::accept() should either be compatible with FilterIterator::accept(): bool, or the #[\\ReturnTypeWillChange] attribute should be used to temporarily suppress the notice","file":"C:\\Users\\HP\\Local Sites\\world-law-alliance-full-website\\app\\public\\wp-content\\plugins\\all-in-one-wp-migration-unlimited-main\\lib\\vendor\\servmask\\filter\\class-ai1wm-recursive-newline-filter.php","line":28}

Jun 26 2026 05:23:31
{"type":8192,"message":"Return type of Ai1wm_Recursive_Newline_Filter::accept() should either be compatible with FilterIterator::accept(): bool, or the #[\\ReturnTypeWillChange] attribute should be used to temporarily suppress the notice","file":"C:\\Users\\HP\\Local Sites\\world-law-alliance-full-website\\app\\public\\wp-content\\plugins\\all-in-one-wp-migration-unlimited-main\\lib\\vendor\\servmask\\filter\\class-ai1wm-recursive-newline-filter.php","line":28}

Jun 26 2026 05:23:34
{"type":8192,"message":"Return type of Ai1wm_Recursive_Newline_Filter::accept() should either be compatible with FilterIterator::accept(): bool, or the #[\\ReturnTypeWillChange] attribute should be used to temporarily suppress the notice","file":"C:\\Users\\HP\\Local Sites\\world-law-alliance-full-website\\app\\public\\wp-content\\plugins\\all-in-one-wp-migration-unlimited-main\\lib\\vendor\\servmask\\filter\\class-ai1wm-recursive-newline-filter.php","line":28}

Jun 26 2026 05:23:34
{"type":8192,"message":"Return type of Ai1wm_Recursive_Newline_Filter::accept() should either be compatible with FilterIterator::accept(): bool, or the #[\\ReturnTypeWillChange] attribute should be used to temporarily suppress the notice","file":"C:\\Users\\HP\\Local Sites\\world-law-alliance-full-website\\app\\public\\wp-content\\plugins\\all-in-one-wp-migration-unlimited-main\\lib\\vendor\\servmask\\filter\\class-ai1wm-recursive-newline-filter.php","line":28}

Jun 26 2026 05:23:34
{"type":8192,"message":"Return type of Ai1wm_Recursive_Newline_Filter::accept() should either be compatible with FilterIterator::accept(): bool, or the #[\\ReturnTypeWillChange] attribute should be used to temporarily suppress the notice","file":"C:\\Users\\HP\\Local Sites\\world-law-alliance-full-website\\app\\public\\wp-content\\plugins\\all-in-one-wp-migration-unlimited-main\\lib\\vendor\\servmask\\filter\\class-ai1wm-recursive-newline-filter.php","line":28}

Jun 26 2026 05:23:38
{"type":8192,"message":"Return type of Ai1wm_Recursive_Newline_Filter::accept() should either be compatible with FilterIterator::accept(): bool, or the #[\\ReturnTypeWillChange] attribute should be used to temporarily suppress the notice","file":"C:\\Users\\HP\\Local Sites\\world-law-alliance-full-website\\app\\public\\wp-content\\plugins\\all-in-one-wp-migration-unlimited-main\\lib\\vendor\\servmask\\filter\\class-ai1wm-recursive-newline-filter.php","line":28}

Jun 26 2026 05:23:39
{"type":8192,"message":"Return type of Ai1wm_Recursive_Newline_Filter::accept() should either be compatible with FilterIterator::accept(): bool, or the #[\\ReturnTypeWillChange] attribute should be used to temporarily suppress the notice","file":"C:\\Users\\HP\\Local Sites\\world-law-alliance-full-website\\app\\public\\wp-content\\plugins\\all-in-one-wp-migration-unlimited-main\\lib\\vendor\\servmask\\filter\\class-ai1wm-recursive-newline-filter.php","line":28}

Jun 26 2026 05:23:45
{"type":8192,"message":"Return type of Ai1wm_Recursive_Newline_Filter::accept() should either be compatible with FilterIterator::accept(): bool, or the #[\\ReturnTypeWillChange] attribute should be used to temporarily suppress the notice","file":"C:\\Users\\HP\\Local Sites\\world-law-alliance-full-website\\app\\public\\wp-content\\plugins\\all-in-one-wp-migration-unlimited-main\\lib\\vendor\\servmask\\filter\\class-ai1wm-recursive-newline-filter.php","line":28}

Jun 26 2026 05:23:45
{"type":8192,"message":"Return type of Ai1wm_Recursive_Newline_Filter::accept() should either be compatible with FilterIterator::accept(): bool, or the #[\\ReturnTypeWillChange] attribute should be used to temporarily suppress the notice","file":"C:\\Users\\HP\\Local Sites\\world-law-alliance-full-website\\app\\public\\wp-content\\plugins\\all-in-one-wp-migration-unlimited-main\\lib\\vendor\\servmask\\filter\\class-ai1wm-recursive-newline-filter.php","line":28}

Jun 26 2026 05:23:55
{"type":8192,"message":"Return type of Ai1wm_Recursive_Newline_Filter::accept() should either be compatible with FilterIterator::accept(): bool, or the #[\\ReturnTypeWillChange] attribute should be used to temporarily suppress the notice","file":"C:\\Users\\HP\\Local Sites\\world-law-alliance-full-website\\app\\public\\wp-content\\plugins\\all-in-one-wp-migration-unlimited-main\\lib\\vendor\\servmask\\filter\\class-ai1wm-recursive-newline-filter.php","line":28}

Jun 26 2026 05:24:05
{"type":8192,"message":"Return type of Ai1wm_Recursive_Newline_Filter::accept() should either be compatible with FilterIterator::accept(): bool, or the #[\\ReturnTypeWillChange] attribute should be used to temporarily suppress the notice","file":"C:\\Users\\HP\\Local Sites\\world-law-alliance-full-website\\app\\public\\wp-content\\plugins\\all-in-one-wp-migration-unlimited-main\\lib\\vendor\\servmask\\filter\\class-ai1wm-recursive-newline-filter.php","line":28}

Jun 26 2026 05:24:16
{"type":8192,"message":"Return type of Ai1wm_Recursive_Newline_Filter::accept() should either be compatible with FilterIterator::accept(): bool, or the #[\\ReturnTypeWillChange] attribute should be used to temporarily suppress the notice","file":"C:\\Users\\HP\\Local Sites\\world-law-alliance-full-website\\app\\public\\wp-content\\plugins\\all-in-one-wp-migration-unlimited-main\\lib\\vendor\\servmask\\filter\\class-ai1wm-recursive-newline-filter.php","line":28}

Jun 26 2026 05:24:22
{"type":8192,"message":"Return type of Ai1wm_Recursive_Newline_Filter::accept() should either be compatible with FilterIterator::accept(): bool, or the #[\\ReturnTypeWillChange] attribute should be used to temporarily suppress the notice","file":"C:\\Users\\HP\\Local Sites\\world-law-alliance-full-website\\app\\public\\wp-content\\plugins\\all-in-one-wp-migration-unlimited-main\\lib\\vendor\\servmask\\filter\\class-ai1wm-recursive-newline-filter.php","line":28}

Jun 26 2026 05:24:22
{"type":8192,"message":"Return type of Ai1wm_Recursive_Newline_Filter::accept() should either be compatible with FilterIterator::accept(): bool, or the #[\\ReturnTypeWillChange] attribute should be used to temporarily suppress the notice","file":"C:\\Users\\HP\\Local Sites\\world-law-alliance-full-website\\app\\public\\wp-content\\plugins\\all-in-one-wp-migration-unlimited-main\\lib\\vendor\\servmask\\filter\\class-ai1wm-recursive-newline-filter.php","line":28}

Jun 26 2026 05:24:22
{"Number":8192,"Message":"rtrim(): Passing null to parameter #1 ($string) of type string is deprecated","File":"C:\\Users\\HP\\Local Sites\\world-law-alliance-full-website\\app\\public\\wp-includes\\formatting.php","Line":2837}

Jun 26 2026 05:24:22
{"Number":8192,"Message":"rtrim(): Passing null to parameter #1 ($string) of type string is deprecated","File":"C:\\Users\\HP\\Local Sites\\world-law-alliance-full-website\\app\\public\\wp-includes\\formatting.php","Line":2837}

Jun 26 2026 05:24:22
{"Number":8192,"Message":"rtrim(): Passing null to parameter #1 ($string) of type string is deprecated","File":"C:\\Users\\HP\\Local Sites\\world-law-alliance-full-website\\app\\public\\wp-includes\\formatting.php","Line":2837}

Jun 26 2026 05:24:22
{"Number":8192,"Message":"rtrim(): Passing null to parameter #1 ($string) of type string is deprecated","File":"C:\\Users\\HP\\Local Sites\\world-law-alliance-full-website\\app\\public\\wp-includes\\formatting.php","Line":2837}

Jun 26 2026 05:24:22
{"Number":8192,"Message":"rtrim(): Passing null to parameter #1 ($string) of type string is deprecated","File":"C:\\Users\\HP\\Local Sites\\world-law-alliance-full-website\\app\\public\\wp-includes\\formatting.php","Line":2837}

Jun 26 2026 05:24:22
{"Number":8192,"Message":"rtrim(): Passing null to parameter #1 ($string) of type string is deprecated","File":"C:\\Users\\HP\\Local Sites\\world-law-alliance-full-website\\app\\public\\wp-includes\\formatting.php","Line":2837}

Jun 26 2026 05:24:22
{"Number":8192,"Message":"rtrim(): Passing null to parameter #1 ($string) of type string is deprecated","File":"C:\\Users\\HP\\Local Sites\\world-law-alliance-full-website\\app\\public\\wp-includes\\formatting.php","Line":2837}

Jun 26 2026 05:24:22
{"Number":8192,"Message":"rtrim(): Passing null to parameter #1 ($string) of type string is deprecated","File":"C:\\Users\\HP\\Local Sites\\world-law-alliance-full-website\\app\\public\\wp-includes\\formatting.php","Line":2837}

Jun 26 2026 05:24:22
{"Number":8192,"Message":"rtrim(): Passing null to parameter #1 ($string) of type string is deprecated","File":"C:\\Users\\HP\\Local Sites\\world-law-alliance-full-website\\app\\public\\wp-includes\\formatting.php","Line":2837}

Jun 26 2026 05:24:22
{"Number":8192,"Message":"rtrim(): Passing null to parameter #1 ($string) of type string is deprecated","File":"C:\\Users\\HP\\Local Sites\\world-law-alliance-full-website\\app\\public\\wp-includes\\formatting.php","Line":2837}

Jun 26 2026 05:24:22
{"Number":8192,"Message":"rtrim(): Passing null to parameter #1 ($string) of type string is deprecated","File":"C:\\Users\\HP\\Local Sites\\world-law-alliance-full-website\\app\\public\\wp-includes\\formatting.php","Line":2837}

Jun 26 2026 05:24:22
{"Number":8192,"Message":"rtrim(): Passing null to parameter #1 ($string) of type string is deprecated","File":"C:\\Users\\HP\\Local Sites\\world-law-alliance-full-website\\app\\public\\wp-includes\\formatting.php","Line":2837}

Jun 26 2026 05:24:22
{"Number":8192,"Message":"rtrim(): Passing null to parameter #1 ($string) of type string is deprecated","File":"C:\\Users\\HP\\Local Sites\\world-law-alliance-full-website\\app\\public\\wp-includes\\formatting.php","Line":2837}

Jun 26 2026 05:24:22
{"Number":8192,"Message":"rtrim(): Passing null to parameter #1 ($string) of type string is deprecated","File":"C:\\Users\\HP\\Local Sites\\world-law-alliance-full-website\\app\\public\\wp-includes\\formatting.php","Line":2837}

Jun 26 2026 05:24:22
{"Number":8192,"Message":"rtrim(): Passing null to parameter #1 ($string) of type string is deprecated","File":"C:\\Users\\HP\\Local Sites\\world-law-alliance-full-website\\app\\public\\wp-includes\\formatting.php","Line":2837}

Jun 26 2026 05:24:22
{"Number":8192,"Message":"rtrim(): Passing null to parameter #1 ($string) of type string is deprecated","File":"C:\\Users\\HP\\Local Sites\\world-law-alliance-full-website\\app\\public\\wp-includes\\formatting.php","Line":2837}

Jun 26 2026 05:24:22
{"Number":8192,"Message":"rtrim(): Passing null to parameter #1 ($string) of type string is deprecated","File":"C:\\Users\\HP\\Local Sites\\world-law-alliance-full-website\\app\\public\\wp-includes\\formatting.php","Line":2837}

Jun 26 2026 05:24:22
{"Number":8192,"Message":"rtrim(): Passing null to parameter #1 ($string) of type string is deprecated","File":"C:\\Users\\HP\\Local Sites\\world-law-alliance-full-website\\app\\public\\wp-includes\\formatting.php","Line":2837}

Jun 26 2026 05:24:22
{"Number":8192,"Message":"rtrim(): Passing null to parameter #1 ($string) of type string is deprecated","File":"C:\\Users\\HP\\Local Sites\\world-law-alliance-full-website\\app\\public\\wp-includes\\formatting.php","Line":2837}

Jun 26 2026 05:24:22
{"Number":8192,"Message":"rtrim(): Passing null to parameter #1 ($string) of type string is deprecated","File":"C:\\Users\\HP\\Local Sites\\world-law-alliance-full-website\\app\\public\\wp-includes\\formatting.php","Line":2837}

Jun 26 2026 05:24:22
{"Number":8192,"Message":"rtrim(): Passing null to parameter #1 ($string) of type string is deprecated","File":"C:\\Users\\HP\\Local Sites\\world-law-alliance-full-website\\app\\public\\wp-includes\\formatting.php","Line":2837}

Jun 26 2026 05:24:22
{"Number":8192,"Message":"rtrim(): Passing null to parameter #1 ($string) of type string is deprecated","File":"C:\\Users\\HP\\Local Sites\\world-law-alliance-full-website\\app\\public\\wp-includes\\formatting.php","Line":2837}

Jun 26 2026 05:24:22
{"Number":8192,"Message":"rtrim(): Passing null to parameter #1 ($string) of type string is deprecated","File":"C:\\Users\\HP\\Local Sites\\world-law-alliance-full-website\\app\\public\\wp-includes\\formatting.php","Line":2837}

Jun 26 2026 05:24:22
{"Number":8192,"Message":"rtrim(): Passing null to parameter #1 ($string) of type string is deprecated","File":"C:\\Users\\HP\\Local Sites\\world-law-alliance-full-website\\app\\public\\wp-includes\\formatting.php","Line":2837}

Jun 26 2026 05:24:22
{"Number":8192,"Message":"Creation of dynamic property Ai1wm_Database_Mysqli::$old_replace_raw_values is deprecated","File":"C:\\Users\\HP\\Local Sites\\world-law-alliance-full-website\\app\\public\\wp-content\\plugins\\all-in-one-wp-migration-unlimited-main\\lib\\vendor\\servmask\\database\\class-ai1wm-database.php","Line":300}

Jun 26 2026 05:24:22
{"Number":8192,"Message":"Creation of dynamic property Ai1wm_Database_Mysqli::$new_replace_raw_values is deprecated","File":"C:\\Users\\HP\\Local Sites\\world-law-alliance-full-website\\app\\public\\wp-content\\plugins\\all-in-one-wp-migration-unlimited-main\\lib\\vendor\\servmask\\database\\class-ai1wm-database.php","Line":321}

Jun 26 2026 05:24:26
{"type":8192,"message":"Return type of Ai1wm_Recursive_Newline_Filter::accept() should either be compatible with FilterIterator::accept(): bool, or the #[\\ReturnTypeWillChange] attribute should be used to temporarily suppress the notice","file":"C:\\Users\\HP\\Local Sites\\world-law-alliance-full-website\\app\\public\\wp-content\\plugins\\all-in-one-wp-migration-unlimited-main\\lib\\vendor\\servmask\\filter\\class-ai1wm-recursive-newline-filter.php","line":28}

Jun 26 2026 05:24:26
{"type":8192,"message":"Return type of Ai1wm_Recursive_Newline_Filter::accept() should either be compatible with FilterIterator::accept(): bool, or the #[\\ReturnTypeWillChange] attribute should be used to temporarily suppress the notice","file":"C:\\Users\\HP\\Local Sites\\world-law-alliance-full-website\\app\\public\\wp-content\\plugins\\all-in-one-wp-migration-unlimited-main\\lib\\vendor\\servmask\\filter\\class-ai1wm-recursive-newline-filter.php","line":28}

Jun 26 2026 05:29:05
{"type":8192,"message":"Return type of Ai1wm_Recursive_Newline_Filter::accept() should either be compatible with FilterIterator::accept(): bool, or the #[\\ReturnTypeWillChange] attribute should be used to temporarily suppress the notice","file":"C:\\Users\\HP\\Local Sites\\world-law-alliance-full-website\\app\\public\\wp-content\\plugins\\all-in-one-wp-migration-unlimited-main\\lib\\vendor\\servmask\\filter\\class-ai1wm-recursive-newline-filter.php","line":28}

